The system is: Windows - 10.0.19044 - AMD64
Compiling the C compiler identification source file "CMakeCCompilerId.c" succeeded.
Compiler: C:/Program Files (x86)/Microsoft Visual Studio/2019/Community/VC/Tools/MSVC/14.29.30133/bin/Hostx64/x64/cl.exe 
Build flags: 
Id flags:  

The output was:
0
Microsoft (R) C/C++ Optimizing Compiler Version 19.29.30136 for x64
Copyright (C) Microsoft Corporation.  All rights reserved.

CMakeCCompilerId.c
Microsoft (R) Incremental Linker Version 14.29.30136.0
Copyright (C) Microsoft Corporation.  All rights reserved.

/out:CMakeCCompilerId.exe 
CMakeCCompilerId.obj 


Compilation of the C compiler identification source "CMakeCCompilerId.c" produced "CMakeCCompilerId.exe"

Compilation of the C compiler identification source "CMakeCCompilerId.c" produced "CMakeCCompilerId.obj"

The C compiler identification is MSVC, found in "C:/Users/JohnD/source/repos/ghostpdl/zlib/out/build/x64-Debug/CMakeFiles/3.20.21032501-MSVC_2/CompilerIdC/CMakeCCompilerId.exe"

Detecting C compiler ABI info compiled with the following output:
Change Dir: C:/Users/JohnD/source/repos/ghostpdl/zlib/out/build/x64-Debug/CMakeFiles/CMakeTmp

Run Build Command(s):C:/Program Files (x86)/Microsoft Visual Studio/2019/Community/Common7/IDE/CommonExtensions/Microsoft/CMake/Ninja/ninja.exe cmTC_0ec5b && [1/2] Building C object CMakeFiles\cmTC_0ec5b.dir\CMakeCCompilerABI.c.obj
[2/2] Linking C executable cmTC_0ec5b.exe



Determining if the include file sys/types.h exists passed with the following output:
Change Dir: C:/Users/JohnD/source/repos/ghostpdl/zlib/out/build/x64-Debug/CMakeFiles/CMakeTmp

Run Build Command(s):C:/Program Files (x86)/Microsoft Visual Studio/2019/Community/Common7/IDE/CommonExtensions/Microsoft/CMake/Ninja/ninja.exe cmTC_cc23b && [1/2] Building C object CMakeFiles\cmTC_cc23b.dir\CheckIncludeFile.c.obj
[2/2] Linking C executable cmTC_cc23b.exe



Determining if the include file stdint.h exists passed with the following output:
Change Dir: C:/Users/JohnD/source/repos/ghostpdl/zlib/out/build/x64-Debug/CMakeFiles/CMakeTmp

Run Build Command(s):C:/Program Files (x86)/Microsoft Visual Studio/2019/Community/Common7/IDE/CommonExtensions/Microsoft/CMake/Ninja/ninja.exe cmTC_bae9b && [1/2] Building C object CMakeFiles\cmTC_bae9b.dir\CheckIncludeFile.c.obj
[2/2] Linking C executable cmTC_bae9b.exe



Determining if the include file stddef.h exists passed with the following output:
Change Dir: C:/Users/JohnD/source/repos/ghostpdl/zlib/out/build/x64-Debug/CMakeFiles/CMakeTmp

Run Build Command(s):C:/Program Files (x86)/Microsoft Visual Studio/2019/Community/Common7/IDE/CommonExtensions/Microsoft/CMake/Ninja/ninja.exe cmTC_5dced && [1/2] Building C object CMakeFiles\cmTC_5dced.dir\CheckIncludeFile.c.obj
[2/2] Linking C executable cmTC_5dced.exe



